<?xml version="1.0" encoding="UTF-8"?>
<testng-results ignored="0" total="1" passed="1" failed="0" skipped="0">
  <reporter-output>
  </reporter-output>
  <suite started-at="2021-11-23T00:03:07 ICT" name="Default suite" finished-at="2021-11-23T00:03:10 ICT" duration-ms="2616">
    <groups>
    </groups>
    <test started-at="2021-11-23T00:03:07 ICT" name="Default test" finished-at="2021-11-23T00:03:10 ICT" duration-ms="2616">
      <class name="com.onemount.LoggingDemo">
        <test-method signature="test()[pri:0, instance:com.onemount.LoggingDemo@72cde7cc]" started-at="2021-11-23T00:03:07 ICT" name="test" finished-at="2021-11-23T00:03:10 ICT" duration-ms="2572" status="PASS">
          <reporter-output>
          </reporter-output>
        </test-method> <!-- test -->
      </class> <!-- com.onemount.LoggingDemo -->
    </test> <!-- Default test -->
  </suite> <!-- Default suite -->
</testng-results>
